Get:1 http://security.ubuntu.com/ubuntu xenial-security InRelease [102 kB]
Hit:2 http://us.archive.ubuntu.com/ubuntu xenial InRelease
Get:3 http://us.archive.ubuntu.com/ubuntu xenial-updates InRelease [102 kB]
Get:4 http://us.archive.ubuntu.com/ubuntu xenial-backports InRelease [102 kB]
Hit:5 https://download.sublimetext.com apt/stable/ InRelease
Fetched 306 kB in 0s (521 kB/s)
Reading package lists...
Reading package lists...
Building dependency tree...
Reading state information...
bc is already the newest version (1.06.95-9build1).
build-essential is already the newest version (12.1ubuntu2).
fakeroot is already the newest version (1.20.2-1ubuntu1).
libncurses5-dev is already the newest version (6.0+20160213-1ubuntu1).
xz-utils is already the newest version (5.1.1alpha+20120614-2ubuntu2).
git is already the newest version (1:2.7.4-0ubuntu1.3).
libssl-dev is already the newest version (1.0.2g-1ubuntu4.10).
0 upgraded, 0 newly installed, 0 to remove and 447 not upgraded.
*** Default configuration is based on 'x86_64_defconfig'
#
# configuration written to .config
#
sh ./arch/x86/boot/install.sh 4.15.0-rc9+ arch/x86/boot/bzImage \
	System.map "/boot"
run-parts: executing /etc/kernel/postinst.d/apt-auto-removal 4.15.0-rc9+ /boot/vmlinuz-4.15.0-rc9+
run-parts: executing /etc/kernel/postinst.d/initramfs-tools 4.15.0-rc9+ /boot/vmlinuz-4.15.0-rc9+
update-initramfs: Generating /boot/initrd.img-4.15.0-rc9+
run-parts: executing /etc/kernel/postinst.d/pm-utils 4.15.0-rc9+ /boot/vmlinuz-4.15.0-rc9+
run-parts: executing /etc/kernel/postinst.d/unattended-upgrades 4.15.0-rc9+ /boot/vmlinuz-4.15.0-rc9+
run-parts: executing /etc/kernel/postinst.d/update-notifier 4.15.0-rc9+ /boot/vmlinuz-4.15.0-rc9+
run-parts: executing /etc/kernel/postinst.d/zz-update-grub 4.15.0-rc9+ /boot/vmlinuz-4.15.0-rc9+
Searching for GRUB installation directory ... found: /boot/grub
Searching for default file ... found: /boot/grub/default
Testing for an existing GRUB menu.lst file ... found: /boot/grub/menu.lst
Searching for splash image ... none found, skipping ...
Found kernel: /boot/vmlinuz-4.15.0-rc9+.old
Found kernel: /boot/vmlinuz-4.15.0-rc9+
Found kernel: /boot/vmlinuz-4.14.14
Found kernel: /boot/vmlinuz-4.8.0-36-generic
Found kernel: /boot/memtest86+.bin
Found kernel: /boot/vmlinuz-4.15.0-rc9+.old
Found kernel: /boot/vmlinuz-4.15.0-rc9+
Found kernel: /boot/vmlinuz-4.14.14
Found kernel: /boot/vmlinuz-4.8.0-36-generic
Found kernel: /boot/memtest86+.bin
Updating /boot/grub/menu.lst ... done

update-initramfs: Generating /boot/initrd.img-4.15.0-rc9+
Searching for GRUB installation directory ... found: /boot/grub
Searching for default file ... found: /boot/grub/default
Testing for an existing GRUB menu.lst file ... found: /boot/grub/menu.lst
Searching for splash image ... none found, skipping ...
Found kernel: /boot/vmlinuz-4.15.0-rc9+.old
Found kernel: /boot/vmlinuz-4.15.0-rc9+
Found kernel: /boot/vmlinuz-4.14.14
Found kernel: /boot/vmlinuz-4.8.0-36-generic
Found kernel: /boot/memtest86+.bin
Found kernel: /boot/vmlinuz-4.15.0-rc9+.old
Found kernel: /boot/vmlinuz-4.15.0-rc9+
Found kernel: /boot/vmlinuz-4.14.14
Found kernel: /boot/vmlinuz-4.8.0-36-generic
Found kernel: /boot/memtest86+.bin
Updating /boot/grub/menu.lst ... done

